<?xml version="1.0" encoding="UTF-8"?>
<testng-results ignored="0" total="1" passed="1" failed="0" skipped="0">
  <reporter-output>
  </reporter-output>
  <suite started-at="2026-06-11T11:58:02 IST" name="Default suite" finished-at="2026-06-11T11:59:08 IST" duration-ms="66708">
    <groups>
    </groups>
    <test started-at="2026-06-11T11:58:02 IST" name="Default test" finished-at="2026-06-11T11:59:08 IST" duration-ms="66708">
      <class name="seleniumframework.tests.GUIElementsTest">
        <test-method is-config="true" signature="setup()[pri:0, instance:seleniumframework.tests.GUIElementsTest@799f10e1]" started-at="2026-06-11T11:58:02 IST" name="setup" finished-at="2026-06-11T11:58:15 IST" duration-ms="13721" status="PASS">
          <reporter-output>
          </reporter-output>
        </test-method> <!-- setup -->
        <test-method signature="verifyGUIElements()[pri:0, instance:seleniumframework.tests.GUIElementsTest@799f10e1]" started-at="2026-06-11T11:58:15 IST" name="verifyGUIElements" finished-at="2026-06-11T11:59:08 IST" duration-ms="52455" status="PASS">
          <reporter-output>
          </reporter-output>
        </test-method> <!-- verifyGUIElements -->
        <test-method is-config="true" signature="tearDown()[pri:0, instance:seleniumframework.tests.GUIElementsTest@799f10e1]" started-at="2026-06-11T11:59:08 IST" name="tearDown" finished-at="2026-06-11T11:59:08 IST" duration-ms="461" status="PASS">
          <reporter-output>
          </reporter-output>
        </test-method> <!-- tearDown -->
      </class> <!-- seleniumframework.tests.GUIElementsTest -->
    </test> <!-- Default test -->
  </suite> <!-- Default suite -->
</testng-results>
